<?xml version="1.0" encoding="UTF-8"?>
<!-- Generated by org.testng.reporters.JUnitReportReporter -->
<testsuite hostname="RLTP-SATHYAVANI-1117" failures="0" tests="1" name="employeepkg.Addemployee" time="35.458" errors="0" timestamp="2024-01-24T17:37:43 IST" skipped="0">
  <testcase classname="employeepkg.Addemployee" name="main" time="35.458"/>
  <system-out/>
</testsuite> <!-- employeepkg.Addemployee -->
