<?xml version="1.0" encoding="UTF-8"?>
<!-- Generated by org.testng.reporters.JUnitReportReporter -->
<testsuite hostname="RLTP-SATHYAVANI-1117" failures="0" tests="1" name="employeepkg.MasterCountry" time="35.515" errors="0" timestamp="2024-01-29T18:08:33 IST" skipped="0">
  <testcase classname="employeepkg.MasterCountry" name="main" time="35.515"/>
  <system-out/>
</testsuite> <!-- employeepkg.MasterCountry -->
